  Tutorial 09 - Meshes Using DXUT Helper Classes.cpp
c:\program files (x86)\microsoft directx sdk (june 2010)\include\xnamath.h(2662): warning C4838: conversion from 'unsigned int' to 'INT' requires a narrowing conversion
c:\program files (x86)\microsoft directx sdk (june 2010)\include\xnamath.h(2663): warning C4838: conversion from 'unsigned int' to 'INT' requires a narrowing conversion
c:\program files (x86)\microsoft directx sdk (june 2010)\include\xnamath.h(2664): warning C4838: conversion from 'unsigned int' to 'INT' requires a narrowing conversion
c:\program files (x86)\microsoft directx sdk (june 2010)\include\xnamath.h(2665): warning C4838: conversion from 'unsigned int' to 'INT' requires a narrowing conversion
c:\program files (x86)\microsoft directx sdk (june 2010)\include\xnamath.h(2666): warning C4838: conversion from 'unsigned int' to 'INT' requires a narrowing conversion
c:\program files (x86)\microsoft directx sdk (june 2010)\include\xnamath.h(2667): warning C4838: conversion from 'unsigned int' to 'INT' requires a narrowing conversion
c:\program files (x86)\microsoft directx sdk (june 2010)\include\xnamath.h(2668): warning C4838: conversion from 'unsigned int' to 'INT' requires a narrowing conversion
c:\program files (x86)\microsoft directx sdk (june 2010)\include\xnamath.h(2689): warning C4838: conversion from 'unsigned int' to 'INT' requires a narrowing conversion
c:\program files (x86)\microsoft directx sdk (june 2010)\include\xnamath.h(2690): warning C4838: conversion from 'unsigned int' to 'INT' requires a narrowing conversion
c:\program files (x86)\microsoft directx sdk (june 2010)\include\xnamath.h(2691): warning C4838: conversion from 'unsigned int' to 'INT' requires a narrowing conversion
c:\program files (x86)\microsoft directx sdk (june 2010)\include\xnamath.h(2694): warning C4838: conversion from 'unsigned int' to 'INT' requires a narrowing conversion
c:\program files (x86)\microsoft directx sdk (june 2010)\include\xnamath.h(2695): warning C4838: conversion from 'unsigned int' to 'INT' requires a narrowing conversion
c:\program files (x86)\microsoft directx sdk (june 2010)\include\xnamath.h(2698): warning C4838: conversion from 'unsigned int' to 'INT' requires a narrowing conversion
c:\program files (x86)\microsoft directx sdk (june 2010)\include\xnamath.h(2702): warning C4838: conversion from 'unsigned int' to 'INT' requires a narrowing conversion
c:\program files (x86)\microsoft directx sdk (june 2010)\include\xnamath.h(2712): warning C4838: conversion from 'unsigned int' to 'INT' requires a narrowing conversion
c:\program files (x86)\microsoft directx sdk (june 2010)\include\xnamath.h(2713): warning C4838: conversion from 'unsigned int' to 'INT' requires a narrowing conversion
c:\program files (x86)\microsoft directx sdk (june 2010)\include\xnamath.h(2715): warning C4838: conversion from 'unsigned int' to 'INT' requires a narrowing conversion
c:\program files (x86)\microsoft directx sdk (june 2010)\include\xnamath.h(2716): warning C4838: conversion from 'unsigned int' to 'INT' requires a narrowing conversion
c:\program files (x86)\microsoft directx sdk (june 2010)\include\xnamath.h(2717): warning C4838: conversion from 'unsigned int' to 'INT' requires a narrowing conversion
c:\program files (x86)\microsoft directx sdk (june 2010)\include\xnamath.h(2727): warning C4838: conversion from 'unsigned int' to 'INT' requires a narrowing conversion
c:\program files (x86)\microsoft directx sdk (june 2010)\include\xnamath.h(2728): warning C4838: conversion from 'unsigned int' to 'INT' requires a narrowing conversion
c:\program files (x86)\microsoft directx sdk (june 2010)\include\xnamath.h(2729): warning C4838: conversion from 'unsigned int' to 'INT' requires a narrowing conversion
c:\program files (x86)\microsoft directx sdk (june 2010)\include\xnamath.h(2730): warning C4838: conversion from 'unsigned int' to 'INT' requires a narrowing conversion
c:\program files (x86)\microsoft directx sdk (june 2010)\include\xnamath.h(2731): warning C4838: conversion from 'unsigned int' to 'INT' requires a narrowing conversion
c:\program files (x86)\microsoft directx sdk (june 2010)\include\xnamath.h(2732): warning C4838: conversion from 'unsigned int' to 'INT' requires a narrowing conversion
c:\program files (x86)\microsoft directx sdk (june 2010)\include\xnamath.h(2742): warning C4838: conversion from 'unsigned int' to 'INT' requires a narrowing conversion
c:\program files (x86)\microsoft directx sdk (june 2010)\include\xnamath.h(2743): warning C4838: conversion from 'unsigned int' to 'INT' requires a narrowing conversion
c:\program files (x86)\microsoft directx sdk (june 2010)\include\xnamath.h(2754): warning C4838: conversion from 'unsigned int' to 'INT' requires a narrowing conversion
c:\program files (x86)\microsoft directx sdk (june 2010)\include\xnamathconvert.inl(2254): warning C4838: conversion from 'unsigned int' to 'INT' requires a narrowing conversion
c:\program files (x86)\microsoft directx sdk (june 2010)\include\xnamathconvert.inl(4523): warning C4838: conversion from 'unsigned int' to 'INT' requires a narrowing conversion
c:\program files (x86)\microsoft directx sdk (june 2010)\include\xnamathconvert.inl(4577): warning C4838: conversion from 'unsigned int' to 'INT' requires a narrowing conversion
c:\program files (x86)\microsoft directx sdk (june 2010)\include\xnamathconvert.inl(4639): warning C4838: conversion from 'unsigned int' to 'INT' requires a narrowing conversion
c:\program files (x86)\microsoft directx sdk (june 2010)\include\xnamathconvert.inl(4707): warning C4838: conversion from 'unsigned int' to 'INT' requires a narrowing conversion
c:\program files (x86)\microsoft directx sdk (june 2010)\include\xnamathconvert.inl(4770): warning C4838: conversion from 'unsigned int' to 'INT' requires a narrowing conversion
c:\program files (x86)\microsoft directx sdk (june 2010)\include\xnamathconvert.inl(4832): warning C4838: conversion from 'unsigned int' to 'INT' requires a narrowing conversion
c:\program files (x86)\microsoft directx sdk (june 2010)\include\xnamathvector.inl(1269): warning C4838: conversion from 'unsigned int' to 'INT' requires a narrowing conversion
c:\program files (x86)\microsoft directx sdk (june 2010)\include\xnamathmisc.inl(518): warning C4838: conversion from 'unsigned int' to 'INT' requires a narrowing conversion
c:\program files (x86)\microsoft directx sdk (june 2010)\include\xnamathmisc.inl(519): warning C4838: conversion from 'unsigned int' to 'INT' requires a narrowing conversion
c:\git\c-examples\tutorial 09 - meshes using dxut helper classes\tutorial 09 - meshes using dxut helper classes.cpp(119): warning C4324: 'TIGER': structure was padded due to alignment specifier
c:\git\c-examples\tutorial 09 - meshes using dxut helper classes\tutorial 09 - meshes using dxut helper classes.cpp(425): warning C4244: '-=': conversion from 'double' to 'float', possible loss of data
c:\git\c-examples\tutorial 09 - meshes using dxut helper classes\tutorial 09 - meshes using dxut helper classes.cpp(437): warning C4244: '+=': conversion from 'double' to 'float', possible loss of data
c:\git\c-examples\tutorial 09 - meshes using dxut helper classes\tutorial 09 - meshes using dxut helper classes.cpp(868): warning C4244: '=': conversion from 'double' to 'float', possible loss of data
c:\git\c-examples\tutorial 09 - meshes using dxut helper classes\tutorial 09 - meshes using dxut helper classes.cpp(869): warning C4244: '=': conversion from 'double' to 'float', possible loss of data
c:\git\c-examples\tutorial 09 - meshes using dxut helper classes\tutorial 09 - meshes using dxut helper classes.cpp(836): warning C4101: 'hr': unreferenced local variable
c:\git\c-examples\tutorial 09 - meshes using dxut helper classes\tutorial 09 - meshes using dxut helper classes.cpp(960): warning C4189: 'fAmbient': local variable is initialized but not referenced
c:\git\c-examples\tutorial 09 - meshes using dxut helper classes\tutorial 09 - meshes using dxut helper classes.cpp(1168): warning C4996: 'wcscpy': This function or variable may be unsafe. Consider using wcscpy_s instead. To disable deprecation, use _CRT_SECURE_NO_WARNINGS. See online help for details.
  c:\program files (x86)\windows kits\10\include\10.0.16299.0\ucrt\corecrt_wstring.h(123): note: see declaration of 'wcscpy'
c:\git\c-examples\tutorial 09 - meshes using dxut helper classes\tutorial 09 - meshes using dxut helper classes.cpp(1204): warning C4996: 'wcscpy': This function or variable may be unsafe. Consider using wcscpy_s instead. To disable deprecation, use _CRT_SECURE_NO_WARNINGS. See online help for details.
  c:\program files (x86)\windows kits\10\include\10.0.16299.0\ucrt\corecrt_wstring.h(123): note: see declaration of 'wcscpy'
c:\git\c-examples\tutorial 09 - meshes using dxut helper classes\tutorial 09 - meshes using dxut helper classes.cpp(1205): warning C4996: 'wcscat': This function or variable may be unsafe. Consider using wcscat_s instead. To disable deprecation, use _CRT_SECURE_NO_WARNINGS. See online help for details.
  c:\program files (x86)\windows kits\10\include\10.0.16299.0\ucrt\corecrt_wstring.h(100): note: see declaration of 'wcscat'
c:\git\c-examples\tutorial 09 - meshes using dxut helper classes\tutorial 09 - meshes using dxut helper classes.cpp(1222): warning C4996: 'wcscpy': This function or variable may be unsafe. Consider using wcscpy_s instead. To disable deprecation, use _CRT_SECURE_NO_WARNINGS. See online help for details.
  c:\program files (x86)\windows kits\10\include\10.0.16299.0\ucrt\corecrt_wstring.h(123): note: see declaration of 'wcscpy'
c:\git\c-examples\tutorial 09 - meshes using dxut helper classes\tutorial 09 - meshes using dxut helper classes.cpp(1237): warning C4996: 'wcscpy': This function or variable may be unsafe. Consider using wcscpy_s instead. To disable deprecation, use _CRT_SECURE_NO_WARNINGS. See online help for details.
  c:\program files (x86)\windows kits\10\include\10.0.16299.0\ucrt\corecrt_wstring.h(123): note: see declaration of 'wcscpy'
c:\git\c-examples\tutorial 09 - meshes using dxut helper classes\tutorial 09 - meshes using dxut helper classes.cpp(1252): warning C4996: 'wcscpy': This function or variable may be unsafe. Consider using wcscpy_s instead. To disable deprecation, use _CRT_SECURE_NO_WARNINGS. See online help for details.
  c:\program files (x86)\windows kits\10\include\10.0.16299.0\ucrt\corecrt_wstring.h(123): note: see declaration of 'wcscpy'
c:\git\c-examples\tutorial 09 - meshes using dxut helper classes\tutorial 09 - meshes using dxut helper classes.cpp(1282): warning C4996: 'wcscpy': This function or variable may be unsafe. Consider using wcscpy_s instead. To disable deprecation, use _CRT_SECURE_NO_WARNINGS. See online help for details.
  c:\program files (x86)\windows kits\10\include\10.0.16299.0\ucrt\corecrt_wstring.h(123): note: see declaration of 'wcscpy'
c:\git\c-examples\tutorial 09 - meshes using dxut helper classes\tutorial 09 - meshes using dxut helper classes.cpp(1288): warning C4244: 'argument': conversion from 'UINT' to 'USHORT', possible loss of data
c:\git\c-examples\tutorial 09 - meshes using dxut helper classes\tutorial 09 - meshes using dxut helper classes.cpp(1289): warning C4244: 'argument': conversion from 'UINT' to 'USHORT', possible loss of data
c:\git\c-examples\tutorial 09 - meshes using dxut helper classes\tutorial 09 - meshes using dxut helper classes.cpp(1290): warning C4244: 'argument': conversion from 'UINT' to 'USHORT', possible loss of data
c:\git\c-examples\tutorial 09 - meshes using dxut helper classes\tutorial 09 - meshes using dxut helper classes.cpp(1291): warning C4244: 'argument': conversion from 'UINT' to 'USHORT', possible loss of data
c:\git\c-examples\tutorial 09 - meshes using dxut helper classes\tutorial 09 - meshes using dxut helper classes.cpp(1292): warning C4244: 'argument': conversion from 'UINT' to 'USHORT', possible loss of data
c:\git\c-examples\tutorial 09 - meshes using dxut helper classes\tutorial 09 - meshes using dxut helper classes.cpp(1293): warning C4244: 'argument': conversion from 'UINT' to 'USHORT', possible loss of data
c:\git\c-examples\tutorial 09 - meshes using dxut helper classes\tutorial 09 - meshes using dxut helper classes.cpp(1294): warning C4244: 'argument': conversion from 'UINT' to 'USHORT', possible loss of data
c:\git\c-examples\tutorial 09 - meshes using dxut helper classes\tutorial 09 - meshes using dxut helper classes.cpp(1295): warning C4244: 'argument': conversion from 'UINT' to 'USHORT', possible loss of data
c:\git\c-examples\tutorial 09 - meshes using dxut helper classes\tutorial 09 - meshes using dxut helper classes.cpp(1296): warning C4244: 'argument': conversion from 'UINT' to 'USHORT', possible loss of data
c:\git\c-examples\tutorial 09 - meshes using dxut helper classes\tutorial 09 - meshes using dxut helper classes.cpp(1341): warning C4018: '<': signed/unsigned mismatch
c:\git\c-examples\tutorial 09 - meshes using dxut helper classes\tutorial 09 - meshes using dxut helper classes.cpp(1346): warning C4018: '<': signed/unsigned mismatch
c:\git\c-examples\tutorial 09 - meshes using dxut helper classes\tutorial 09 - meshes using dxut helper classes.cpp(1351): warning C4018: '<': signed/unsigned mismatch
c:\git\c-examples\tutorial 09 - meshes using dxut helper classes\tutorial 09 - meshes using dxut helper classes.cpp(1169): warning C4996: 'swscanf': This function or variable may be unsafe. Consider using swscanf_s instead. To disable deprecation, use _CRT_SECURE_NO_WARNINGS. See online help for details.
  c:\program files (x86)\windows kits\10\include\10.0.16299.0\ucrt\corecrt_wstdio.h(2039): note: see declaration of 'swscanf'
c:\git\c-examples\tutorial 09 - meshes using dxut helper classes\tutorial 09 - meshes using dxut helper classes.cpp(1223): warning C4996: 'swscanf': This function or variable may be unsafe. Consider using swscanf_s instead. To disable deprecation, use _CRT_SECURE_NO_WARNINGS. See online help for details.
  c:\program files (x86)\windows kits\10\include\10.0.16299.0\ucrt\corecrt_wstdio.h(2039): note: see declaration of 'swscanf'
c:\git\c-examples\tutorial 09 - meshes using dxut helper classes\tutorial 09 - meshes using dxut helper classes.cpp(1238): warning C4473: 'swscanf' : not enough arguments passed for format string
  c:\git\c-examples\tutorial 09 - meshes using dxut helper classes\tutorial 09 - meshes using dxut helper classes.cpp(1238): note: placeholders and their parameters expect 4 variadic arguments, but 3 were provided
  c:\git\c-examples\tutorial 09 - meshes using dxut helper classes\tutorial 09 - meshes using dxut helper classes.cpp(1238): note: the missing variadic argument 4 is required by format string '%f'
c:\git\c-examples\tutorial 09 - meshes using dxut helper classes\tutorial 09 - meshes using dxut helper classes.cpp(1238): warning C4996: 'swscanf': This function or variable may be unsafe. Consider using swscanf_s instead. To disable deprecation, use _CRT_SECURE_NO_WARNINGS. See online help for details.
  c:\program files (x86)\windows kits\10\include\10.0.16299.0\ucrt\corecrt_wstdio.h(2039): note: see declaration of 'swscanf'
c:\git\c-examples\tutorial 09 - meshes using dxut helper classes\tutorial 09 - meshes using dxut helper classes.cpp(1253): warning C4996: 'swscanf': This function or variable may be unsafe. Consider using swscanf_s instead. To disable deprecation, use _CRT_SECURE_NO_WARNINGS. See online help for details.
  c:\program files (x86)\windows kits\10\include\10.0.16299.0\ucrt\corecrt_wstdio.h(2039): note: see declaration of 'swscanf'
c:\git\c-examples\tutorial 09 - meshes using dxut helper classes\tutorial 09 - meshes using dxut helper classes.cpp(1283): warning C4996: 'swscanf': This function or variable may be unsafe. Consider using swscanf_s instead. To disable deprecation, use _CRT_SECURE_NO_WARNINGS. See online help for details.
  c:\program files (x86)\windows kits\10\include\10.0.16299.0\ucrt\corecrt_wstdio.h(2039): note: see declaration of 'swscanf'
c:\git\c-examples\tutorial 09 - meshes using dxut helper classes\tutorial 09 - meshes using dxut helper classes.cpp(1154): warning C4189: 'isOpen': local variable is initialized but not referenced
c:\git\c-examples\tutorial 09 - meshes using dxut helper classes\tutorial 09 - meshes using dxut helper classes.cpp(1149): warning C4189: 'textureResourceView': local variable is initialized but not referenced
c:\git\c-examples\tutorial 09 - meshes using dxut helper classes\tutorial 09 - meshes using dxut helper classes.cpp(1207): warning C4189: 'hr': local variable is initialized but not referenced
c:\git\c-examples\tutorial 09 - meshes using dxut helper classes\tutorial 09 - meshes using dxut helper classes.cpp(1389): warning C4996: 'wcscpy': This function or variable may be unsafe. Consider using wcscpy_s instead. To disable deprecation, use _CRT_SECURE_NO_WARNINGS. See online help for details.
  c:\program files (x86)\windows kits\10\include\10.0.16299.0\ucrt\corecrt_wstring.h(123): note: see declaration of 'wcscpy'
c:\git\c-examples\tutorial 09 - meshes using dxut helper classes\tutorial 09 - meshes using dxut helper classes.cpp(1399): warning C4996: 'wcscpy': This function or variable may be unsafe. Consider using wcscpy_s instead. To disable deprecation, use _CRT_SECURE_NO_WARNINGS. See online help for details.
  c:\program files (x86)\windows kits\10\include\10.0.16299.0\ucrt\corecrt_wstring.h(123): note: see declaration of 'wcscpy'
c:\git\c-examples\tutorial 09 - meshes using dxut helper classes\tutorial 09 - meshes using dxut helper classes.cpp(1403): warning C4996: 'wcscpy': This function or variable may be unsafe. Consider using wcscpy_s instead. To disable deprecation, use _CRT_SECURE_NO_WARNINGS. See online help for details.
  c:\program files (x86)\windows kits\10\include\10.0.16299.0\ucrt\corecrt_wstring.h(123): note: see declaration of 'wcscpy'
c:\git\c-examples\tutorial 09 - meshes using dxut helper classes\tutorial 09 - meshes using dxut helper classes.cpp(1404): warning C4996: 'wcscat': This function or variable may be unsafe. Consider using wcscat_s instead. To disable deprecation, use _CRT_SECURE_NO_WARNINGS. See online help for details.
  c:\program files (x86)\windows kits\10\include\10.0.16299.0\ucrt\corecrt_wstring.h(100): note: see declaration of 'wcscat'
c:\git\c-examples\tutorial 09 - meshes using dxut helper classes\tutorial 09 - meshes using dxut helper classes.cpp(1390): warning C4996: 'swscanf': This function or variable may be unsafe. Consider using swscanf_s instead. To disable deprecation, use _CRT_SECURE_NO_WARNINGS. See online help for details.
  c:\program files (x86)\windows kits\10\include\10.0.16299.0\ucrt\corecrt_wstdio.h(2039): note: see declaration of 'swscanf'
c:\git\c-examples\tutorial 09 - meshes using dxut helper classes\tutorial 09 - meshes using dxut helper classes.cpp(1400): warning C4996: 'swscanf': This function or variable may be unsafe. Consider using swscanf_s instead. To disable deprecation, use _CRT_SECURE_NO_WARNINGS. See online help for details.
  c:\program files (x86)\windows kits\10\include\10.0.16299.0\ucrt\corecrt_wstdio.h(2039): note: see declaration of 'swscanf'
  Tutorial 09 - Meshes Using DXUT Helper Classes_2010.vcxproj -> C:\git\c-examples\Tutorial 09 - Meshes Using DXUT Helper Classes\Debug\Tutorial 09 - Meshes Using DXUT Helper Classes.exe
